2025-08-08 15:15:40,292 - INFO - Organizing existing file: android-studio-2024.2.1.11-windows.exe with extension: exe
2025-08-08 15:15:40,294 - INFO - Created folder: C:\Users\keval/Downloads\Others
2025-08-08 15:15:40,294 - INFO - Moved: android-studio-2024.2.1.11-windows.exe to C:\Users\keval/Downloads\Others/
2025-08-08 15:15:40,295 - INFO - Organizing existing file: android-studio-2024.3.2.14-windows.exe with extension: exe
2025-08-08 15:15:40,295 - INFO - Moved: android-studio-2024.3.2.14-windows.exe to C:\Users\keval/Downloads\Others/
2025-08-08 15:15:40,295 - INFO - Organizing existing file: AnyDesk.exe with extension: exe
2025-08-08 15:15:40,295 - INFO - Moved: AnyDesk.exe to C:\Users\keval/Downloads\Others/
2025-08-08 15:15:40,295 - INFO - Organizing existing file: BitTorrent_.exe with extension: exe
2025-08-08 15:15:40,296 - INFO - Moved: BitTorrent_.exe to C:\Users\keval/Downloads\Others/
2025-08-08 15:15:40,298 - INFO - Organizing existing file: bmi_app-20241127T184028Z-001.zip with extension: zip
2025-08-08 15:15:40,298 - INFO - Created folder: C:\Users\keval/Downloads\Archives
2025-08-08 15:15:40,298 - INFO - Moved: bmi_app-20241127T184028Z-001.zip to C:\Users\keval/Downloads\Archives/
2025-08-08 15:15:40,298 - INFO - Organizing existing file: bmi_app-20250301T161923Z-001.zip with extension: zip
2025-08-08 15:15:40,300 - INFO - Moved: bmi_app-20250301T161923Z-001.zip to C:\Users\keval/Downloads\Archives/
2025-08-08 15:15:40,300 - INFO - Organizing existing file: certificate_15422678.pdf with extension: pdf
2025-08-08 15:15:40,301 - INFO - Created folder: C:\Users\keval/Downloads\Documents
2025-08-08 15:15:40,301 - INFO - Moved: certificate_15422678.pdf to C:\Users\keval/Downloads\Documents/
2025-08-08 15:15:40,301 - INFO - Organizing existing file: ChromeSetup.exe with extension: exe
2025-08-08 15:15:40,302 - INFO - Moved: ChromeSetup.exe to C:\Users\keval/Downloads\Others/
2025-08-08 15:15:40,302 - INFO - Organizing existing file: Dart-Code.dart-code-3.102.0.vsix with extension: vsix
2025-08-08 15:15:40,302 - INFO - Moved: Dart-Code.dart-code-3.102.0.vsix to C:\Users\keval/Downloads\Others/
2025-08-08 15:15:40,303 - INFO - Organizing existing file: Data-Analytics-Part-3-Dataset.xlsx with extension: xlsx
2025-08-08 15:15:40,303 - INFO - Created folder: C:\Users\keval/Downloads\Spreadsheets
2025-08-08 15:15:40,304 - INFO - Moved: Data-Analytics-Part-3-Dataset.xlsx to C:\Users\keval/Downloads\Spreadsheets/
2025-08-08 15:15:40,305 - INFO - Organizing existing file: debug.log with extension: log
2025-08-08 15:15:40,305 - INFO - Moved: debug.log to C:\Users\keval/Downloads\Others/
2025-08-08 15:15:40,305 - INFO - Organizing existing file: desktop.ini with extension: ini
2025-08-08 15:15:40,305 - INFO - Moved: desktop.ini to C:\Users\keval/Downloads\Others/
2025-08-08 15:15:40,306 - INFO - Organizing existing file: download 10th.pdf with extension: pdf
2025-08-08 15:15:40,306 - INFO - Moved: download 10th.pdf to C:\Users\keval/Downloads\Documents/
2025-08-08 15:15:40,306 - INFO - Organizing existing file: download 12th.pdf with extension: pdf
2025-08-08 15:15:40,308 - INFO - Moved: download 12th.pdf to C:\Users\keval/Downloads\Documents/
2025-08-08 15:15:40,308 - INFO - Organizing existing file: download.pdf with extension: pdf
2025-08-08 15:15:40,309 - INFO - Moved: download.pdf to C:\Users\keval/Downloads\Documents/
2025-08-08 15:15:40,309 - INFO - Organizing existing file: expense_app-20241127T184350Z-001.zip with extension: zip
2025-08-08 15:15:40,310 - INFO - Moved: expense_app-20241127T184350Z-001.zip to C:\Users\keval/Downloads\Archives/
2025-08-08 15:15:40,310 - INFO - Organizing existing file: Final_-_Flat_No._A10_M_G_Vithalani_-_APRIL_19_-_NOV_-_20_pdf (1).xlsx with extension: xlsx
2025-08-08 15:15:40,311 - INFO - Moved: Final_-_Flat_No._A10_M_G_Vithalani_-_APRIL_19_-_NOV_-_20_pdf (1).xlsx to C:\Users\keval/Downloads\Spreadsheets/
2025-08-08 15:15:40,311 - INFO - Organizing existing file: Final_-_Flat_No._A10_M_G_Vithalani_-_APRIL_19_-_NOV_-_20_pdf.xlsx with extension: xlsx
2025-08-08 15:15:40,312 - INFO - Moved: Final_-_Flat_No._A10_M_G_Vithalani_-_APRIL_19_-_NOV_-_20_pdf.xlsx to C:\Users\keval/Downloads\Spreadsheets/
2025-08-08 15:15:40,312 - INFO - Organizing existing file: gallery image.png with extension: png
2025-08-08 15:15:40,312 - INFO - Created folder: C:\Users\keval/Downloads\Images
2025-08-08 15:15:40,313 - INFO - Moved: gallery image.png to C:\Users\keval/Downloads\Images/
2025-08-08 15:15:40,313 - INFO - Organizing existing file: iloveimg-compressed.zip with extension: zip
2025-08-08 15:15:40,313 - INFO - Moved: iloveimg-compressed.zip to C:\Users\keval/Downloads\Archives/
2025-08-08 15:15:40,314 - INFO - Organizing existing file: in.gov.abc-ABCID-371781048142.pdf with extension: pdf
2025-08-08 15:15:40,314 - INFO - Moved: in.gov.abc-ABCID-371781048142.pdf to C:\Users\keval/Downloads\Documents/
2025-08-08 15:15:40,315 - INFO - Organizing existing file: in.gov.epfindia-UNCRD-102037982369XX02YY12YY2001.pdf with extension: pdf
2025-08-08 15:15:40,315 - INFO - Moved: in.gov.epfindia-UNCRD-102037982369XX02YY12YY2001.pdf to C:\Users\keval/Downloads\Documents/
2025-08-08 15:15:40,315 - INFO - Organizing existing file: Install VALORANT.exe with extension: exe
2025-08-08 15:15:40,316 - INFO - Moved: Install VALORANT.exe to C:\Users\keval/Downloads\Others/
2025-08-08 15:15:40,316 - INFO - Organizing existing file: KEVAL VITHLANI IT.pdf with extension: pdf
2025-08-08 15:15:40,317 - INFO - Moved: KEVAL VITHLANI IT.pdf to C:\Users\keval/Downloads\Documents/
2025-08-08 15:15:40,317 - INFO - Organizing existing file: Keval Vithlani_offer_letter (1).pdf with extension: pdf
2025-08-08 15:15:40,318 - INFO - Moved: Keval Vithlani_offer_letter (1).pdf to C:\Users\keval/Downloads\Documents/
2025-08-08 15:15:40,318 - INFO - Organizing existing file: Keval Vithlani_offer_letter.pdf with extension: pdf
2025-08-08 15:15:40,318 - INFO - Moved: Keval Vithlani_offer_letter.pdf to C:\Users\keval/Downloads\Documents/
2025-08-08 15:15:40,318 - INFO - Organizing existing file: KevalVithlani_InternshalaResume.pdf with extension: pdf
2025-08-08 15:15:40,318 - INFO - Moved: KevalVithlani_InternshalaResume.pdf to C:\Users\keval/Downloads\Documents/
2025-08-08 15:15:40,318 - INFO - Organizing existing file: MAHARASHTRA NEW PRICELIST  DISTRIBUTOR.xlsx with extension: xlsx
2025-08-08 15:15:40,318 - INFO - Moved: MAHARASHTRA NEW PRICELIST  DISTRIBUTOR.xlsx to C:\Users\keval/Downloads\Spreadsheets/
2025-08-08 15:15:40,318 - INFO - Organizing existing file: OfficeSetup.exe with extension: exe
2025-08-08 15:15:40,318 - INFO - Moved: OfficeSetup.exe to C:\Users\keval/Downloads\Others/
2025-08-08 15:15:40,318 - INFO - Organizing existing file: payment-receipt.pdf with extension: pdf
2025-08-08 15:15:40,321 - INFO - Moved: payment-receipt.pdf to C:\Users\keval/Downloads\Documents/
2025-08-08 15:15:40,321 - INFO - Organizing existing file: pexels-pixabay-163255.jpg with extension: jpg
2025-08-08 15:15:40,321 - INFO - Moved: pexels-pixabay-163255.jpg to C:\Users\keval/Downloads\Images/
2025-08-08 15:15:40,322 - INFO - Organizing existing file: photo_2024-06-29_00-12-43 SEM 6.jpg with extension: jpg
2025-08-08 15:15:40,322 - INFO - Moved: photo_2024-06-29_00-12-43 SEM 6.jpg to C:\Users\keval/Downloads\Images/
2025-08-08 15:15:40,323 - INFO - Organizing existing file: photo_2024-06-29_00-17-23.jpg with extension: jpg
2025-08-08 15:15:40,324 - INFO - Moved: photo_2024-06-29_00-17-23.jpg to C:\Users\keval/Downloads\Images/
2025-08-08 15:15:40,325 - INFO - Organizing existing file: photo_2025-05-22_14-42-37.jpg with extension: jpg
2025-08-08 15:15:40,325 - INFO - Moved: photo_2025-05-22_14-42-37.jpg to C:\Users\keval/Downloads\Images/
2025-08-08 15:15:40,325 - INFO - Organizing existing file: Profile (1).pdf with extension: pdf
2025-08-08 15:15:40,325 - INFO - Moved: Profile (1).pdf to C:\Users\keval/Downloads\Documents/
2025-08-08 15:15:40,325 - INFO - Organizing existing file: Profile.pdf with extension: pdf
2025-08-08 15:15:40,325 - INFO - Moved: Profile.pdf to C:\Users\keval/Downloads\Documents/
2025-08-08 15:15:40,325 - INFO - Organizing existing file: tchs_1208870135144941_NOVEMBER.pdf with extension: pdf
2025-08-08 15:15:40,327 - INFO - Moved: tchs_1208870135144941_NOVEMBER.pdf to C:\Users\keval/Downloads\Documents/
2025-08-08 15:15:40,327 - INFO - Organizing existing file: TypingMaster11IndiaSetup.exe with extension: exe
2025-08-08 15:15:40,327 - INFO - Moved: TypingMaster11IndiaSetup.exe to C:\Users\keval/Downloads\Others/
2025-08-08 15:15:40,328 - INFO - Organizing existing file: UAN EPFO CARD.pdf with extension: pdf
2025-08-08 15:15:40,328 - INFO - Moved: UAN EPFO CARD.pdf to C:\Users\keval/Downloads\Documents/
2025-08-08 15:15:40,328 - INFO - Organizing existing file: utorrent_installer.exe with extension: exe
2025-08-08 15:15:40,329 - INFO - Moved: utorrent_installer.exe to C:\Users\keval/Downloads\Others/
2025-08-08 15:15:40,329 - INFO - Organizing existing file: utweb_installer.exe with extension: exe
2025-08-08 15:15:40,329 - INFO - Moved: utweb_installer.exe to C:\Users\keval/Downloads\Others/
2025-08-08 15:15:40,330 - INFO - Organizing existing file: VSCodeUserSetup-x64-1.95.3.exe with extension: exe
2025-08-08 15:15:40,330 - INFO - Moved: VSCodeUserSetup-x64-1.95.3.exe to C:\Users\keval/Downloads\Others/
2025-08-08 15:15:40,330 - INFO - Organizing existing file: WavePadAudioEditingSoftware-8yzNo.exe with extension: exe
2025-08-08 15:15:40,331 - INFO - Moved: WavePadAudioEditingSoftware-8yzNo.exe to C:\Users\keval/Downloads\Others/
2025-08-08 15:15:40,331 - INFO - Organizing existing file: YBREP201259542891208.pdf with extension: pdf
2025-08-08 15:15:40,332 - INFO - Moved: YBREP201259542891208.pdf to C:\Users\keval/Downloads\Documents/
2025-08-08 15:15:40,332 - INFO - Organizing existing file: YBREP201259553540217.pdf with extension: pdf
2025-08-08 15:15:40,332 - INFO - Moved: YBREP201259553540217.pdf to C:\Users\keval/Downloads\Documents/
2025-08-08 15:15:40,333 - INFO - Organizing existing file: YBREP265251117324521.pdf with extension: pdf
2025-08-08 15:15:40,333 - INFO - Moved: YBREP265251117324521.pdf to C:\Users\keval/Downloads\Documents/
2025-08-08 15:15:40,333 - INFO - Organizing existing file: YBREP265251142454640.pdf with extension: pdf
2025-08-08 15:15:40,334 - INFO - Moved: YBREP265251142454640.pdf to C:\Users\keval/Downloads\Documents/
2025-08-08 15:15:40,334 - INFO - Started monitoring C:\Users\keval/Downloads
